2203
11010
46
10683
3170
49
6036
7558
1440
29546
16924
951
1430
2622
112
20368
1284
9690
84
2504
15702
19716
3339
4768
2283
4211
150
22773
6020
1413
7310
110
17944
58
1104
10370
12411
1643
4241
14784
38
4110
126
5626
8758
1861
25039
14984
2366
1271
55
7545
10675
16427
7173
19333
6267
12311
6618
2145
26349
592
7663
8532
2559
3396
1035
25084
7391
2972
22857
7056
3234
24574
1660
20024
2160
12334
4814
1236
23181
927
11597
21
897
373
8762
3864
1976
28292
1528
17203
233
2654
12875
2676
5972
29194
5597
727
